2024-11-21 14:03:53,210 - scene_tests - INFO - test_scene.py:33 - Test test_add_light passed
2024-11-21 14:03:53,210 - scene_tests - INFO - test_scene.py:33 - Test test_add_object passed
2024-11-21 14:03:53,211 - scene_tests - INFO - test_scene.py:33 - Test test_get_objects passed
2024-11-21 14:03:53,211 - scene_tests - INFO - test_scene.py:33 - Test test_initialization passed
2024-11-21 14:03:53,211 - scene_tests - INFO - test_scene.py:33 - Test test_remove_object passed
2024-11-21 14:03:53,212 - scene_tests - INFO - test_scene.py:33 - Test test_update passed
2024-11-21 14:03:53,214 - renderer_tests - ERROR - test_renderer.py:28 - Test test_clear_screen failed
2024-11-21 14:03:53,216 - renderer_tests - ERROR - test_renderer.py:28 - Test test_draw_point failed
2024-11-21 14:03:53,218 - renderer_tests - ERROR - test_renderer.py:28 - Test test_initialization failed
2024-11-21 14:03:53,219 - renderer_tests - ERROR - test_renderer.py:28 - Test test_render failed
2024-11-21 14:03:53,219 - object_tests - ERROR - test_object.py:24 - Test test_object3d_initialization failed
2024-11-21 14:03:53,219 - object_tests - ERROR - test_object.py:24 - Test test_object3d_rotate failed
2024-11-21 14:03:53,220 - object_tests - ERROR - test_object.py:24 - Test test_object3d_scale failed
2024-11-21 14:03:53,220 - object_tests - ERROR - test_object.py:24 - Test test_object3d_translate failed
2024-11-21 14:03:53,220 - camera_tests - ERROR - test_camera.py:24 - Test test_custom_initialization failed
2024-11-21 14:03:53,221 - camera_tests - ERROR - test_camera.py:24 - Test test_get_view_matrix failed
2024-11-21 14:03:53,221 - camera_tests - ERROR - test_camera.py:24 - Test test_initialization failed
2024-11-21 14:03:53,221 - camera_tests - ERROR - test_camera.py:24 - Test test_move failed
2024-11-21 14:03:53,223 - input_handler_tests - ERROR - test_input_handler.py:26 - Test test_initialization failed
2024-11-21 14:03:53,224 - input_handler_tests - ERROR - test_input_handler.py:26 - Test test_is_key_pressed failed
2024-11-21 14:03:53,225 - input_handler_tests - ERROR - test_input_handler.py:26 - Test test_process_input_no_keys failed
2024-11-21 14:03:53,226 - input_handler_tests - ERROR - test_input_handler.py:26 - Test test_process_input_with_keys failed
2024-11-21 14:03:53,227 - input_handler_tests - ERROR - test_input_handler.py:26 - Test test_quit_key failed
2024-11-21 14:03:53,230 - engine_tests - ERROR - test_engine.py:34 - Test test_component_readiness failed
2024-11-21 14:03:53,233 - engine_tests - ERROR - test_engine.py:34 - Test test_frame_timing failed
2024-11-21 14:03:53,238 - engine_tests - ERROR - test_engine.py:34 - Test test_initialization failed
2024-11-21 14:03:53,240 - engine_tests - ERROR - test_engine.py:34 - Test test_render failed
2024-11-21 14:03:53,241 - engine_tests - ERROR - test_engine.py:34 - Test test_state_transitions failed
2024-11-21 14:03:53,242 - engine_tests - ERROR - test_engine.py:34 - Test test_stop failed
2024-11-21 14:03:53,243 - engine_tests - ERROR - test_engine.py:34 - Test test_update failed
2024-11-21 14:03:53,255 - all_tests - INFO - run_all_tests.py:76 - Total tests: 42
2024-11-21 14:03:53,255 - all_tests - INFO - run_all_tests.py:77 - Passed: 31
2024-11-21 14:03:53,255 - all_tests - INFO - run_all_tests.py:78 - Failed: 11
2024-11-21 14:03:53,256 - all_tests - INFO - run_all_tests.py:79 - All test results have been saved
