2024-11-21 14:00:09,439 - scene_tests - INFO - test_scene.py:33 - Test test_add_light passed
2024-11-21 14:00:09,440 - scene_tests - INFO - test_scene.py:33 - Test test_add_object passed
2024-11-21 14:00:09,440 - scene_tests - INFO - test_scene.py:33 - Test test_get_objects passed
2024-11-21 14:00:09,440 - scene_tests - INFO - test_scene.py:33 - Test test_initialization passed
2024-11-21 14:00:09,441 - scene_tests - INFO - test_scene.py:33 - Test test_remove_object passed
2024-11-21 14:00:09,441 - scene_tests - INFO - test_scene.py:33 - Test test_update passed
2024-11-21 14:00:09,443 - renderer_tests - ERROR - test_renderer.py:28 - Test test_clear_screen failed
2024-11-21 14:00:09,445 - renderer_tests - ERROR - test_renderer.py:28 - Test test_draw_point failed
2024-11-21 14:00:09,446 - renderer_tests - ERROR - test_renderer.py:28 - Test test_initialization failed
2024-11-21 14:00:09,448 - renderer_tests - ERROR - test_renderer.py:28 - Test test_render failed
2024-11-21 14:00:09,448 - object_tests - ERROR - test_object.py:24 - Test test_object3d_initialization failed
2024-11-21 14:00:09,448 - object_tests - ERROR - test_object.py:24 - Test test_object3d_rotate failed
2024-11-21 14:00:09,449 - object_tests - ERROR - test_object.py:24 - Test test_object3d_scale failed
2024-11-21 14:00:09,449 - object_tests - ERROR - test_object.py:24 - Test test_object3d_translate failed
2024-11-21 14:00:09,449 - camera_tests - ERROR - test_camera.py:24 - Test test_custom_initialization failed
2024-11-21 14:00:09,450 - camera_tests - ERROR - test_camera.py:24 - Test test_get_view_matrix failed
2024-11-21 14:00:09,450 - camera_tests - ERROR - test_camera.py:24 - Test test_initialization failed
2024-11-21 14:00:09,450 - camera_tests - ERROR - test_camera.py:24 - Test test_move failed
2024-11-21 14:00:09,452 - input_handler_tests - ERROR - test_input_handler.py:26 - Test test_initialization failed
2024-11-21 14:00:09,453 - input_handler_tests - ERROR - test_input_handler.py:26 - Test test_is_key_pressed failed
2024-11-21 14:00:09,454 - input_handler_tests - ERROR - test_input_handler.py:26 - Test test_process_input_no_keys failed
2024-11-21 14:00:09,455 - input_handler_tests - ERROR - test_input_handler.py:26 - Test test_process_input_with_keys failed
2024-11-21 14:00:09,456 - input_handler_tests - ERROR - test_input_handler.py:26 - Test test_quit_key failed
2024-11-21 14:00:09,460 - engine_tests - ERROR - test_engine.py:34 - Test test_component_readiness failed
2024-11-21 14:00:09,463 - engine_tests - ERROR - test_engine.py:34 - Test test_frame_timing failed
2024-11-21 14:00:09,468 - engine_tests - ERROR - test_engine.py:34 - Test test_initialization failed
2024-11-21 14:00:09,469 - engine_tests - ERROR - test_engine.py:34 - Test test_render failed
2024-11-21 14:00:09,470 - engine_tests - ERROR - test_engine.py:34 - Test test_state_transitions failed
2024-11-21 14:00:09,471 - engine_tests - ERROR - test_engine.py:34 - Test test_stop failed
2024-11-21 14:00:09,473 - engine_tests - ERROR - test_engine.py:34 - Test test_update failed
2024-11-21 14:00:09,484 - all_tests - INFO - run_all_tests.py:76 - Total tests: 42
2024-11-21 14:00:09,484 - all_tests - INFO - run_all_tests.py:77 - Passed: 31
2024-11-21 14:00:09,485 - all_tests - INFO - run_all_tests.py:78 - Failed: 11
2024-11-21 14:00:09,485 - all_tests - INFO - run_all_tests.py:79 - All test results have been saved
